基金管理系统初始化工具
开始系统初始化...
检查MySQL连接...
导入基金数据...
2025-01-31 14:46:39,253 - INFO - Finance data startup
2025-01-31 14:46:39,255 - INFO - 清空现有数据...
2025-01-31 14:46:39,298 - INFO - 正在处理: 股票型.csv
2025-01-31 14:46:39,301 - INFO - CSV列名: ['代码', '简称', '基金经理', '基金公司', '资产规模', '评级评分', '涨幅评分', '业绩评分', '综合评分', '上海证券评级', '招商证券评级', '济安金信评级', '晨星评级', '近3月涨幅', '近3月四分位', '近6月涨幅', '近6月四分位', '近1年涨幅', '近1年四分位', '近2年涨幅', '近2年四分位', '近3年涨幅', '近3年四分位', '近5年涨幅', '近5年四分位', '选证能力', '收益率', '抗风险', '稳定性', '择时能力']
2025-01-31 14:46:39,301 - INFO - 映射关系: {'代码': 'code', '简称': 'name', '基金经理': 'manager', '基金公司': 'company', '资产规模': 'scale', '评级评分': 'rating_score', '涨幅评分': 'growth_score', '业绩评分': 'performance_score', '综合评分': 'total_score', '上海证券评级': 'shanghai_rating', '招商证券评级': 'merchant_rating', '济安金信评级': 'jian_rating', '晨星评级': 'morning_star_rating', '近3月涨幅': 'm3_growth', '近6月涨幅': 'm6_growth', '近1年涨幅': 'y1_growth', '近3年涨幅': 'y3_growth', '近5年涨幅': 'y5_growth', '选证能力': 'selection_ability', '收益率': 'return_rate', '择时能力': 'timing', '抗风险': 'risk_resistance', '稳定性': 'stability'}
2025-01-31 14:46:39,302 - INFO - 已处理 0 条记录
2025-01-31 14:46:39,325 - INFO - 已处理 100 条记录
2025-01-31 14:46:39,357 - INFO - 成功导入 股票型.csv, 导入数量: 126
2025-01-31 14:46:39,357 - INFO - 正在处理: 混合型.csv
2025-01-31 14:46:39,364 - INFO - CSV列名: ['代码', '简称', '基金经理', '基金公司', '资产规模', '评级评分', '涨幅评分', '业绩评分', '综合评分', '上海证券评级', '招商证券评级', '济安金信评级', '晨星评级', '近3月涨幅', '近3月四分位', '近6月涨幅', '近6月四分位', '近1年涨幅', '近1年四分位', '近2年涨幅', '近2年四分位', '近3年涨幅', '近3年四分位', '近5年涨幅', '近5年四分位', '选证能力', '收益率', '抗风险', '稳定性', '择时能力']
2025-01-31 14:46:39,364 - INFO - 映射关系: {'代码': 'code', '简称': 'name', '基金经理': 'manager', '基金公司': 'company', '资产规模': 'scale', '评级评分': 'rating_score', '涨幅评分': 'growth_score', '业绩评分': 'performance_score', '综合评分': 'total_score', '上海证券评级': 'shanghai_rating', '招商证券评级': 'merchant_rating', '济安金信评级': 'jian_rating', '晨星评级': 'morning_star_rating', '近3月涨幅': 'm3_growth', '近6月涨幅': 'm6_growth', '近1年涨幅': 'y1_growth', '近3年涨幅': 'y3_growth', '近5年涨幅': 'y5_growth', '选证能力': 'selection_ability', '收益率': 'return_rate', '择时能力': 'timing', '抗风险': 'risk_resistance', '稳定性': 'stability'}
2025-01-31 14:46:39,366 - INFO - 已处理 0 条记录
2025-01-31 14:46:39,381 - INFO - 已处理 100 条记录
2025-01-31 14:46:39,398 - INFO - 已处理 200 条记录
2025-01-31 14:46:39,414 - INFO - 已处理 300 条记录
2025-01-31 14:46:39,430 - INFO - 已处理 400 条记录
2025-01-31 14:46:39,445 - INFO - 已处理 500 条记录
2025-01-31 14:46:39,461 - INFO - 已处理 600 条记录
2025-01-31 14:46:39,477 - INFO - 已处理 700 条记录
2025-01-31 14:46:39,493 - INFO - 已处理 800 条记录
2025-01-31 14:46:39,509 - INFO - 已处理 900 条记录
2025-01-31 14:46:39,611 - INFO - 成功导入 混合型.csv, 导入数量: 1045
2025-01-31 14:46:39,611 - INFO - 正在处理: 债券型.csv
2025-01-31 14:46:39,615 - INFO - CSV列名: ['代码', '简称', '基金经理', '基金公司', '资产规模', '评级评分', '涨幅评分', '业绩评分', '综合评分', '上海证券评级', '招商证券评级', '济安金信评级', '晨星评级', '近3月涨幅', '近3月四分位', '近6月涨幅', '近6月四分位', '近1年涨幅', '近1年四分位', '近2年涨幅', '近2年四分位', '近3年涨幅', '近3年四分位', '近5年涨幅', '近5年四分位', '选证能力', '收益率', '抗风险', '稳定性', '管理规模']
2025-01-31 14:46:39,616 - INFO - 映射关系: {'代码': 'code', '简称': 'name', '基金经理': 'manager', '基金公司': 'company', '资产规模': 'scale', '评级评分': 'rating_score', '涨幅评分': 'growth_score', '业绩评分': 'performance_score', '综合评分': 'total_score', '上海证券评级': 'shanghai_rating', '招商证券评级': 'merchant_rating', '济安金信评级': 'jian_rating', '晨星评级': 'morning_star_rating', '近3月涨幅': 'm3_growth', '近6月涨幅': 'm6_growth', '近1年涨幅': 'y1_growth', '近3年涨幅': 'y3_growth', '近5年涨幅': 'y5_growth', '选证能力': 'selection_ability', '收益率': 'return_rate', '抗风险': 'risk_resistance', '稳定性': 'stability', '管理规模': 'management_scale'}
2025-01-31 14:46:39,617 - INFO - 已处理 0 条记录
2025-01-31 14:46:39,634 - INFO - 已处理 100 条记录
2025-01-31 14:46:39,651 - INFO - 已处理 200 条记录
2025-01-31 14:46:39,668 - INFO - 已处理 300 条记录
2025-01-31 14:46:39,685 - INFO - 已处理 400 条记录
2025-01-31 14:46:39,780 - INFO - 成功导入 债券型.csv, 导入数量: 1504
2025-01-31 14:46:39,780 - INFO - 正在处理: 指数型.csv
2025-01-31 14:46:39,783 - INFO - CSV列名: ['代码', '简称', '基金经理', '基金公司', '资产规模', '评级评分', '涨幅评分', '业绩评分', '综合评分', '上海证券评级', '招商证券评级', '济安金信评级', '晨星评级', '近3月涨幅', '近3月四分位', '近6月涨幅', '近6月四分位', '近1年涨幅', '近1年四分位', '近2年涨幅', '近2年四分位', '近3年涨幅', '近3年四分位', '近5年涨幅', '近5年四分位', '选证能力', '收益率', '跟踪误差', '超额收益', '管理规模']
2025-01-31 14:46:39,783 - INFO - 映射关系: {'代码': 'code', '简称': 'name', '基金经理': 'manager', '基金公司': 'company', '资产规模': 'scale', '评级评分': 'rating_score', '涨幅评分': 'growth_score', '业绩评分': 'performance_score', '综合评分': 'total_score', '上海证券评级': 'shanghai_rating', '招商证券评级': 'merchant_rating', '济安金信评级': 'jian_rating', '晨星评级': 'morning_star_rating', '近3月涨幅': 'm3_growth', '近6月涨幅': 'm6_growth', '近1年涨幅': 'y1_growth', '近3年涨幅': 'y3_growth', '近5年涨幅': 'y5_growth', '选证能力': 'selection_ability', '收益率': 'return_rate', '跟踪误差': 'tracking_error', '超额收益': 'excess_return', '管理规模': 'management_scale'}
2025-01-31 14:46:39,783 - INFO - 已处理 0 条记录
2025-01-31 14:46:39,799 - INFO - 已处理 100 条记录
2025-01-31 14:46:39,815 - INFO - 已处理 200 条记录
2025-01-31 14:46:39,846 - INFO - 成功导入 指数型.csv, 导入数量: 1715
2025-01-31 14:46:39,846 - INFO - 正在处理: 指数增强型.csv
2025-01-31 14:46:39,849 - INFO - CSV列名: ['代码', '简称', '单位净值', '累计净值', '日增长率', '近1周', '近1月', '近3月', '近6月', '近1年', '近2年', '近3年', '今年来', '成立来']
2025-01-31 14:46:39,849 - INFO - 映射关系: {'代码': 'code', '简称': 'name', '单位净值': 'unit_net_value', '累计净值': 'acc_net_value', '日增长率': 'daily_growth', '近1周': 'w1_growth', '近1月': 'm1_growth', '近3月': 'm3_growth', '近6月': 'm6_growth', '近1年': 'y1_growth', '近2年': 'y2_growth', '近3年': 'y3_growth', '今年来': 'ytd_growth', '成立来': 'since_launch'}
2025-01-31 14:46:39,850 - INFO - 已处理 0 条记录
2025-01-31 14:46:39,861 - INFO - 已处理 100 条记录
2025-01-31 14:46:39,872 - INFO - 已处理 200 条记录
2025-01-31 14:46:39,883 - INFO - 已处理 300 条记录
2025-01-31 14:46:39,894 - INFO - 已处理 400 条记录
2025-01-31 14:46:39,906 - INFO - 已处理 500 条记录
2025-01-31 14:46:39,961 - INFO - 成功导入 指数增强型.csv, 导入数量: 2257
2025-01-31 14:46:39,961 - INFO - 数据导入完成，共导入 2257 条记录
数据导入成功
启动应用...
[2025-01-31 14:46:40,703] INFO in __init__: Finance data startup
Columns in 股票型.csv: ['代码', '简称', '基金经理', '基金公司', '资产规模', '评级评分', '涨幅评分', '业绩评分', '综合评分', '上海证券评级', '招商证券评级', '济安金信评级', '晨星评级', '近3月涨幅', '近3月四分位', '近6月涨幅', '近6月四分位', '近1年涨幅', '近1年四分位', '近2年涨幅', '近2年四分位', '近3年涨幅', '近3年四分位', '近5年涨幅', '近5年四分位', '选证能力', '收益率', '抗风险', '稳定性', '择时能力']
Processing scale for fund 540007: 2.01亿元
Processing scale for fund 1097: 3.95亿元
Processing scale for fund 1167: 17.79亿元
Processing scale for fund 979: 43.84亿元
Processing scale for fund 1678: 7.79亿元
Processing scale for fund 8134: 24.62亿元
Processing scale for fund 5310: 17.67亿元
Processing scale for fund 9069: 3.11亿元
Processing scale for fund 628: 92.59亿元
Processing scale for fund 1048: 31.99亿元
Processing scale for fund 893: 57.42亿元
Processing scale for fund 160919: 7.02亿元
Processing scale for fund 1208: 6.96亿元
Processing scale for fund 1718: 17.50亿元
Processing scale for fund 1528: 4.29亿元
Processing scale for fund 6195: 23.87亿元
Processing scale for fund 5506: 4.43亿元
Processing scale for fund 2289: 0.59亿元
Processing scale for fund 5505: 5.27亿元
Processing scale for fund 5161: 1.37亿元
Processing scale for fund 5660: 3.03亿元
Processing scale for fund 1583: 4.25亿元
Processing scale for fund 7130: 18.00亿元
Processing scale for fund 8303: 7.87亿元
Processing scale for fund 8872: 0.09亿元
Processing scale for fund 8871: 0.48亿元
Processing scale for fund 9070: 0.52亿元
Processing scale for fund 10341: 21.59亿元
Processing scale for fund 11066: 39.43亿元
Processing scale for fund 11384: 0.90亿元
Processing scale for fund 1917: 22.20亿元
Processing scale for fund 6675: 2.11亿元
Processing scale for fund 688: 28.65亿元
Processing scale for fund 418: 22.04亿元
Processing scale for fund 729: 9.97亿元
Processing scale for fund 1044: 21.22亿元
Processing scale for fund 916: 7.90亿元
Processing scale for fund 1072: 15.17亿元
Processing scale for fund 411: 3.67亿元
Processing scale for fund 586: 4.14亿元
Processing scale for fund 2952: 0.30亿元
Processing scale for fund 2872: 0.90亿元
Processing scale for fund 3298: 3.55亿元
Processing scale for fund 746: 33.54亿元
Processing scale for fund 2334: 0.11亿元
Processing scale for fund 5661: 2.33亿元
Processing scale for fund 1628: 3.02亿元
Processing scale for fund 6692: 0.61亿元
Processing scale for fund 5970: 2.83亿元
Processing scale for fund 6693: 0.80亿元
Processing scale for fund 7950: 19.49亿元
Processing scale for fund 7287: 0.02亿元
Processing scale for fund 7832: 4.62亿元
Processing scale for fund 7831: 2.12亿元
Processing scale for fund 6676: 1.95亿元
Processing scale for fund 920003: 17.79亿元
Processing scale for fund 8261: 2.36亿元
Processing scale for fund 920923: 3.83亿元
Processing scale for fund 10236: 24.47亿元
Processing scale for fund 8304: 4.93亿元
Processing scale for fund 9891: 3.08亿元
Processing scale for fund 10434: 3.65亿元
Processing scale for fund 9601: 6.64亿元
Processing scale for fund 10342: 3.53亿元
Processing scale for fund 11149: 0.10亿元
Processing scale for fund 11424: 4.07亿元
Processing scale for fund 10391: 31.86亿元
Processing scale for fund 11220: 28.39亿元
Processing scale for fund 11726: 2.39亿元
Processing scale for fund 10349: 1.23亿元
Processing scale for fund 2871: 2.02亿元
Processing scale for fund 3624: 3.09亿元
Processing scale for fund 309: 2.45亿元
Processing scale for fund 756: 5.68亿元
Processing scale for fund 925: 30.68亿元
Processing scale for fund 1230: 21.70亿元
Processing scale for fund 955: 3.21亿元
Processing scale for fund 1577: 2.68亿元
Processing scale for fund 519965: 13.72亿元
Processing scale for fund 1672: 14.93亿元
Processing scale for fund 1692: 1.41亿元
Processing scale for fund 1736: 15.00亿元
Processing scale for fund 2980: 29.51亿元
Processing scale for fund 3053: 2.16亿元
Processing scale for fund 1186: 22.30亿元
Processing scale for fund 1651: 3.73亿元
Processing scale for fund 4716: 11.33亿元
Processing scale for fund 1245: 20.66亿元
Processing scale for fund 5037: 3.62亿元
Processing scale for fund 4784: 2.99亿元
Processing scale for fund 5038: 1.91亿元
Processing scale for fund 671030: 3.37亿元
Processing scale for fund 2300: 1.71亿元
Processing scale for fund 6502: 0.78亿元
Processing scale for fund 7288: 0.08亿元
Processing scale for fund 7471: 4.64亿元
Processing scale for fund 7470: 4.85亿元
Processing scale for fund 8283: 5.32亿元
Processing scale for fund 8262: 1.05亿元
Processing scale for fund 9414: 2.06亿元
Processing scale for fund 8618: 0.25亿元
Processing scale for fund 900029: 1.40亿元
Processing scale for fund 9602: 1.44亿元
Processing scale for fund 8445: 1.17亿元
Processing scale for fund 11221: 2.06亿元
Processing scale for fund 11230: 1.85亿元
Processing scale for fund 11150: 0.67亿元
Processing scale for fund 11125: 5.09亿元
Processing scale for fund 11476: 2.92亿元
Processing scale for fund 10321: 0.68亿元
Processing scale for fund 11385: 0.30亿元
Processing scale for fund 12836: 2.18亿元
Processing scale for fund 12835: 5.55亿元
Processing scale for fund 13465: 0.61亿元
Processing scale for fund 8924: 5.94亿元
Processing scale for fund 14198: 14.36亿元
Processing scale for fund 501219: 8.82亿元
Processing scale for fund 13466: 2.61亿元
Processing scale for fund 8923: 3.58亿元
Processing scale for fund 1725: 15.73亿元
Processing scale for fund 1915: 7.73亿元
Processing scale for fund 1878: 26.02亿元
Processing scale for fund 206012: 1.78亿元
Processing scale for fund 5267: 42.54亿元
Processing scale for fund 5960: 0.40亿元
Processing scale for fund 519975: 2.07亿元
Successfully imported 股票型.csv
Columns in 混合型.csv: ['代码', '简称', '基金经理', '基金公司', '资产规模', '评级评分', '涨幅评分', '业绩评分', '综合评分', '上海证券评级', '招商证券评级', '济安金信评级', '晨星评级', '近3月涨幅', '近3月四分位', '近6月涨幅', '近6月四分位', '近1年涨幅', '近1年四分位', '近2年涨幅', '近2年四分位', '近3年涨幅', '近3年四分位', '近5年涨幅', '近5年四分位', '选证能力', '收益率', '抗风险', '稳定性', '择时能力']
Processing scale for fund 630002: 34.73亿元
Processing scale for fund 260112: 34.88亿元
Processing scale for fund 290012: 2.88亿元
Processing scale for fund 121001: 13.08亿元
Processing scale for fund 743: 0.26亿元
Processing scale for fund 390: 74.04亿元
Processing scale for fund 573: 9.50亿元
Processing scale for fund 522: 2.08亿元
Processing scale for fund 1302: 3.25亿元
Processing scale for fund 90007: 35.15亿元
Processing scale for fund 210002: 14.45亿元
Processing scale for fund 2252: 1.87亿元
Processing scale for fund 483003: 24.55亿元
Processing scale for fund 3175: 6.05亿元
Processing scale for fund 1722: 4.30亿元
Processing scale for fund 3715: 3.80亿元
Processing scale for fund 160323: 5.53亿元
Processing scale for fund 4316: 7.30亿元
Processing scale for fund 3598: 5.66亿元
Processing scale for fund 4206: 9.63亿元
Processing scale for fund 4496: 2.54亿元
Processing scale for fund 2602: 3.20亿元
Processing scale for fund 4475: 41.68亿元
Processing scale for fund 166301: 92.01亿元
Processing scale for fund 4685: 11.73亿元
Processing scale for fund 5576: 10.03亿元
Processing scale for fund 90019: 3.03亿元
Processing scale for fund 2849: 1.96亿元
Processing scale for fund 5974: 8.77亿元
Processing scale for fund 5632: 1.21亿元
Processing scale for fund 6551: 27.42亿元
Processing scale for fund 6700: 0.67亿元
Processing scale for fund 7811: 2.20亿元
Processing scale for fund 8269: 37.74亿元
Processing scale for fund 8515: 26.34亿元
Processing scale for fund 965: 25.95亿元
Processing scale for fund 8347: 6.14亿元
Processing scale for fund 8186: 9.46亿元
Processing scale for fund 9098: 9.27亿元
Processing scale for fund 9100: 42.41亿元
Processing scale for fund 8809: 22.94亿元
Processing scale for fund 5984: 16.72亿元
Processing scale for fund 9649: 1.09亿元
Processing scale for fund 9268: 0.39亿元
Processing scale for fund 970006: 0.10亿元
Processing scale for fund 8060: 34.26亿元
Processing scale for fund 9931: 4.00亿元
Processing scale for fund 9849: 3.86亿元
Processing scale for fund 9907: 4.44亿元
Processing scale for fund 10551: 1.70亿元
Processing scale for fund 10379: 31.91亿元
Processing scale for fund 10178: 29.13亿元
Processing scale for fund 10929: 8.13亿元
Processing scale for fund 10761: 62.94亿元
Processing scale for fund 11251: 12.93亿元
Processing scale for fund 10742: 4.31亿元
Processing scale for fund 11018: 0.92亿元
Processing scale for fund 6624: 17.19亿元
Processing scale for fund 11152: 12.45亿元
Processing scale for fund 519198: 3.52亿元
Processing scale for fund 2258: 12.20亿元
Processing scale for fund 9689: 5.87亿元
Processing scale for fund 9263: 1.45亿元
Processing scale for fund 80005: 12.71亿元
Processing scale for fund 257040: 0.85亿元
Processing scale for fund 90013: 32.60亿元
Processing scale for fund 90016: 6.74亿元
Processing scale for fund 519997: 3.76亿元
Processing scale for fund 80001: 4.20亿元
Processing scale for fund 58: 3.87亿元
Processing scale for fund 240004: 11.82亿元
Processing scale for fund 519181: 8.81亿元
Processing scale for fund 519183: 9.58亿元
Processing scale for fund 519995: 52.22亿元
Processing scale for fund 574: 10.19亿元
Processing scale for fund 880: 8.03亿元
Processing scale for fund 519191: 8.74亿元
Processing scale for fund 1338: 44.32亿元
Processing scale for fund 1316: 68.84亿元
Processing scale for fund 1470: 0.35亿元
Processing scale for fund 519702: 43.84亿元
Processing scale for fund 1194: 0.66亿元
Processing scale for fund 393001: 2.06亿元
Processing scale for fund 1342: 3.46亿元
Processing scale for fund 1343: 1.83亿元
Processing scale for fund 1336: 0.92亿元
Processing scale for fund 2049: 0.22亿元
Processing scale for fund 519185: 17.36亿元
Processing scale for fund 2091: 13.31亿元
Processing scale for fund 2146: 7.36亿元
Processing scale for fund 242: 34.67亿元
Processing scale for fund 519196: 32.65亿元
Processing scale for fund 2810: 1.05亿元
Processing scale for fund 1564: 17.23亿元
Processing scale for fund 2147: 8.76亿元
Processing scale for fund 2292: 0.46亿元
Processing scale for fund 1323: 20.52亿元
Processing scale for fund 2137: 0.44亿元
Processing scale for fund 1959: 5.36亿元
Processing scale for fund 3027: 0.50亿元
Processing scale for fund 3026: 0.14亿元
Processing scale for fund 3495: 0.65亿元
Processing scale for fund 3496: 1.98亿元
Processing scale for fund 2690: 0.07亿元
Processing scale for fund 3697: 0.55亿元
Processing scale for fund 3591: 3.94亿元
Processing scale for fund 4317: 11.98亿元
Processing scale for fund 161233: 1.12亿元
Processing scale for fund 4279: 9.55亿元
Processing scale for fund 4010: 40.58亿元
Processing scale for fund 2863: 4.73亿元
Processing scale for fund 4011: 90.60亿元
Processing scale for fund 519212: 14.43亿元
Processing scale for fund 480: 20.73亿元
Processing scale for fund 1071: 58.01亿元
Processing scale for fund 3592: 4.11亿元
Processing scale for fund 217002: 2.03亿元
Processing scale for fund 1706: 14.52亿元
Processing scale for fund 1479: 0.66亿元
Processing scale for fund 2207: 6.62亿元
Processing scale for fund 217021: 64.25亿元
Processing scale for fund 4497: 2.85亿元
Processing scale for fund 1433: 7.58亿元
Processing scale for fund 160106: 13.51亿元
Processing scale for fund 1075: 5.21亿元
Processing scale for fund 5094: 31.04亿元
Processing scale for fund 1836: 1.35亿元
Processing scale for fund 1835: 3.14亿元
Processing scale for fund 4814: 29.10亿元
Processing scale for fund 161611: 10.77亿元
Processing scale for fund 4833: 0.01亿元
Processing scale for fund 4351: 1.07亿元
Processing scale for fund 210009: 7.53亿元
Processing scale for fund 1487: 8.75亿元
Processing scale for fund 3822: 6.76亿元
Processing scale for fund 3823: 4.12亿元
Processing scale for fund 6274: 1.68亿元
Processing scale for fund 6567: 53.29亿元
Processing scale for fund 2837: 2.11亿元
Processing scale for fund 20009: 13.86亿元
Processing scale for fund 5039: 1.44亿元
Processing scale for fund 7812: 1.55亿元
Processing scale for fund 7509: 12.67亿元
Processing scale for fund 6718: 3.13亿元
Processing scale for fund 8187: 4.89亿元
Processing scale for fund 8244: 8.95亿元
Processing scale for fund 8271: 27.15亿元
Processing scale for fund 8810: 8.27亿元
Processing scale for fund 8893: 0.41亿元
Processing scale for fund 8480: 5.29亿元
Processing scale for fund 8270: 21.14亿元
Processing scale for fund 8488: 4.43亿元
Processing scale for fund 8835: 0.61亿元
Processing scale for fund 9005: 2.95亿元
Processing scale for fund 8091: 0.27亿元
Processing scale for fund 5985: 2.21亿元
Processing scale for fund 8348: 2.96亿元
Processing scale for fund 8420: 0.38亿元
Processing scale for fund 8846: 2.30亿元
Processing scale for fund 7777: 3.69亿元
Processing scale for fund 8980: 5.15亿元
Processing scale for fund 9101: 27.38亿元
Processing scale for fund 8477: 0.75亿元
Processing scale for fund 9199: 9.07亿元
Processing scale for fund 9690: 8.05亿元
Processing scale for fund 9215: 2.69亿元
Processing scale for fund 9650: 0.20亿元
Processing scale for fund 1247: 15.58亿元
Processing scale for fund 8894: 3.47亿元
Processing scale for fund 9700: 0.24亿元
Processing scale for fund 9102: 1.66亿元
Processing scale for fund 10056: 10.02亿元
Processing scale for fund 9707: 7.07亿元
Processing scale for fund 970007: 3.14亿元
Processing scale for fund 9887: 10.75亿元
Processing scale for fund 970008: 1.77亿元
Processing scale for fund 9796: 0.50亿元
Processing scale for fund 10135: 2.83亿元
Processing scale for fund 9908: 2.02亿元
Processing scale for fund 10606: 0.40亿元
Processing scale for fund 10452: 7.70亿元
Processing scale for fund 9994: 11.11亿元
Processing scale for fund 10739: 0.09亿元
Processing scale for fund 10738: 2.40亿元
Processing scale for fund 1337: 0.93亿元
Processing scale for fund 10179: 1.09亿元
Processing scale for fund 10658: 1.56亿元
Processing scale for fund 9939: 0.78亿元
Processing scale for fund 6038: 4.32亿元
Processing scale for fund 10657: 0.98亿元
Processing scale for fund 10380: 2.09亿元
Processing scale for fund 10661: 0.47亿元
Processing scale for fund 10930: 3.51亿元
Processing scale for fund 11333: 32.64亿元
Processing scale for fund 1322: 5.61亿元
Processing scale for fund 10447: 0.96亿元
Processing scale for fund 11174: 25.24亿元
Processing scale for fund 10841: 1.44亿元
Processing scale for fund 11468: 8.54亿元
Processing scale for fund 11532: 0.74亿元
Processing scale for fund 10714: 17.15亿元
Processing scale for fund 11570: 4.93亿元
Processing scale for fund 10460: 4.23亿元
Processing scale for fund 10605: 0.14亿元
Processing scale for fund 11997: 0.64亿元
Processing scale for fund 11019: 0.17亿元
Processing scale for fund 12344: 40.58亿元
Processing scale for fund 11574: 0.34亿元
Processing scale for fund 12153: 1.19亿元
Processing scale for fund 12138: 3.31亿元
Processing scale for fund 11033: 8.21亿元
Processing scale for fund 8116: 0.80亿元
Processing scale for fund 11905: 3.02亿元
Processing scale for fund 5975: 4.27亿元
Processing scale for fund 10385: 17.61亿元
Processing scale for fund 2152: 0.69亿元
Processing scale for fund 519195: 41.13亿元
Processing scale for fund 5443: 5.41亿元
Processing scale for fund 1437: 4.47亿元
Processing scale for fund 1832: 25.45亿元
Processing scale for fund 162102: 6.79亿元
Processing scale for fund 160613: 8.18亿元
Processing scale for fund 270025: 10.40亿元
Processing scale for fund 550015: 2.36亿元
Processing scale for fund 257010: 8.37亿元
Processing scale for fund 260115: 3.71亿元
Processing scale for fund 350009: 0.33亿元
Processing scale for fund 61: 8.45亿元
Processing scale for fund 590003: 14.29亿元
Processing scale for fund 257050: 0.71亿元
Processing scale for fund 660015: 4.36亿元
Processing scale for fund 200010: 1.74亿元
Processing scale for fund 162202: 4.79亿元
Processing scale for fund 206002: 2.52亿元
Processing scale for fund 110009: 38.42亿元
Processing scale for fund 519700: 7.63亿元
Processing scale for fund 580001: 3.83亿元
Processing scale for fund 739: 1.74亿元
Processing scale for fund 166020: 6.25亿元
Processing scale for fund 110029: 39.41亿元
Processing scale for fund 1382: 5.20亿元
Processing scale for fund 1136: 2.24亿元
Processing scale for fund 1123: 1.02亿元
Processing scale for fund 260111: 3.97亿元
Processing scale for fund 534: 3.09亿元
Processing scale for fund 1438: 2.53亿元
Processing scale for fund 1203: 5.12亿元
Processing scale for fund 1355: 13.07亿元
Processing scale for fund 1446: 0.09亿元
Processing scale for fund 1286: 17.03亿元
Processing scale for fund 1484: 6.44亿元
Processing scale for fund 1427: 0.51亿元
Processing scale for fund 1285: 2.69亿元
Processing scale for fund 166007: 0.54亿元
Processing scale for fund 1356: 8.91亿元
Processing scale for fund 1249: 7.28亿元
Processing scale for fund 1399: 1.97亿元
Processing scale for fund 1405: 3.04亿元
Processing scale for fund 1406: 6.96亿元
Processing scale for fund 1122: 2.50亿元
Processing scale for fund 519002: 34.66亿元
Processing scale for fund 1157: 3.38亿元
Processing scale for fund 2056: 0.28亿元
Processing scale for fund 2054: 0.77亿元
Processing scale for fund 1802: 12.66亿元
Processing scale for fund 1803: 0.08亿元
Processing scale for fund 2583: 0.96亿元
Processing scale for fund 2025: 0.04亿元
Processing scale for fund 2561: 0.72亿元
Processing scale for fund 2776: 0.31亿元
Processing scale for fund 1955: 26.40亿元
Processing scale for fund 519644: 6.83亿元
Processing scale for fund 2036: 5.70亿元
Processing scale for fund 2291: 1.01亿元
Processing scale for fund 2389: 0.29亿元
Processing scale for fund 2009: 7.20亿元
Processing scale for fund 1407: 0.88亿元
Processing scale for fund 1818: 2.38亿元
Processing scale for fund 3189: 0.51亿元
Processing scale for fund 720001: 23.08亿元
Processing scale for fund 1744: 1.88亿元
Processing scale for fund 1806: 5.26亿元
Processing scale for fund 1448: 0.46亿元
Processing scale for fund 3412: 38.65亿元
Processing scale for fund 3411: 2.50亿元
Processing scale for fund 519614: 0.07亿元
Processing scale for fund 1144: 23.56亿元
Processing scale for fund 1667: 25.70亿元
Processing scale for fund 1743: 9.35亿元
Processing scale for fund 2662: 0.94亿元
Processing scale for fund 519613: 0.05亿元
Processing scale for fund 2317: 3.32亿元
Processing scale for fund 3028: 0.09亿元
Processing scale for fund 3304: 2.65亿元
Processing scale for fund 3567: 71.48亿元
Processing scale for fund 1711: 16.46亿元
Processing scale for fund 1782: 0.29亿元
Processing scale for fund 2179: 0.86亿元
Processing scale for fund 4244: 0.48亿元
Processing scale for fund 1710: 6.46亿元
Processing scale for fund 2943: 102.32亿元
Processing scale for fund 259: 3.67亿元
Processing scale for fund 2820: 0.48亿元
Processing scale for fund 4280: 1.65亿元
Processing scale for fund 487016: 4.22亿元
Processing scale for fund 2910: 45.97亿元
Processing scale for fund 2819: 4.15亿元
Processing scale for fund 1287: 6.77亿元
Processing scale for fund 673071: 0.48亿元
Processing scale for fund 4249: 0.75亿元
Processing scale for fund 519019: 7.58亿元
Processing scale for fund 1614: 1.49亿元
Processing scale for fund 1807: 8.19亿元
Processing scale for fund 1800: 0.34亿元
Processing scale for fund 4454: 3.37亿元
Processing scale for fund 3029: 0.41亿元
Processing scale for fund 2383: 0.19亿元
Processing scale for fund 4453: 0.04亿元
Processing scale for fund 165531: 3.14亿元
Processing scale for fund 1746: 1.23亿元
Processing scale for fund 9103: 0.89亿元
Processing scale for fund 1817: 4.09亿元
Processing scale for fund 4362: 0.04亿元
Processing scale for fund 4361: 0.08亿元
Processing scale for fund 2018: 4.99亿元
Processing scale for fund 3305: 1.62亿元
Processing scale for fund 5164: 0.05亿元
Processing scale for fund 1856: 40.61亿元
Processing scale for fund 501015: 1.28亿元
Processing scale for fund 519020: 4.73亿元
Processing scale for fund 4671: 0.78亿元
Processing scale for fund 4845: 3.23亿元
Processing scale for fund 5123: 6.78亿元
Processing scale for fund 2170: 26.36亿元
Processing scale for fund 1442: 2.38亿元
Processing scale for fund 1562: 4.60亿元
Processing scale for fund 5360: 0.11亿元
Processing scale for fund 1891: 2.45亿元
Processing scale for fund 6133: 0.73亿元
Processing scale for fund 4815: 15.66亿元
Processing scale for fund 1441: 4.75亿元
Processing scale for fund 5598: 17.97亿元
Processing scale for fund 2691: 3.67亿元
Processing scale for fund 2282: 0.37亿元
Processing scale for fund 1400: 2.74亿元
Processing scale for fund 501062: 5.09亿元
Processing scale for fund 6025: 6.54亿元
Processing scale for fund 5810: 2.33亿元
Processing scale for fund 4834: 0.03亿元
Processing scale for fund 5708: 0.80亿元
Processing scale for fund 2449: 0.10亿元
Processing scale for fund 4959: 3.08亿元
Processing scale for fund 5851: 0.46亿元
Processing scale for fund 5695: 2.43亿元
Processing scale for fund 4357: 4.69亿元
Processing scale for fund 5856: 0.19亿元
Processing scale for fund 5855: 0.20亿元
Processing scale for fund 6132: 4.12亿元
Processing scale for fund 6701: 1.57亿元
Processing scale for fund 6976: 1.62亿元
Processing scale for fund 6160: 2.00亿元
Processing scale for fund 5616: 0.51亿元
Processing scale for fund 6921: 4.34亿元
Processing scale for fund 320015: 4.50亿元
Processing scale for fund 90004: 11.65亿元
Processing scale for fund 7939: 7.28亿元
Processing scale for fund 7663: 0.18亿元
Processing scale for fund 40025: 20.72亿元
Processing scale for fund 6233: 1.26亿元
Processing scale for fund 7449: 24.58亿元
Processing scale for fund 7450: 2.91亿元
Processing scale for fund 6719: 10.14亿元
Processing scale for fund 7731: 9.90亿元
Processing scale for fund 7884: 20.37亿元
Processing scale for fund 7497: 13.20亿元
Processing scale for fund 7574: 4.36亿元
Processing scale for fund 8246: 0.48亿元
Processing scale for fund 8891: 1.73亿元
Processing scale for fund 7468: 0.95亿元
Processing scale for fund 8272: 14.21亿元
Processing scale for fund 9077: 1.61亿元
Processing scale for fund 8421: 0.50亿元
Processing scale for fund 9006: 3.00亿元
Processing scale for fund 8245: 4.08亿元
Processing scale for fund 7469: 1.21亿元
Processing scale for fund 9078: 8.84亿元
Processing scale for fund 7066: 1.27亿元
Processing scale for fund 8092: 0.30亿元
Processing scale for fund 8638: 28.74亿元
Processing scale for fund 8481: 5.26亿元
Processing scale for fund 860029: 1.29亿元
Processing scale for fund 167508: 1.33亿元
Processing scale for fund 9206: 1.61亿元
Processing scale for fund 860028: 0.08亿元
Processing scale for fund 6533: 24.02亿元
Processing scale for fund 8850: 7.99亿元
Processing scale for fund 9269: 0.43亿元
Processing scale for fund 9216: 0.24亿元
Processing scale for fund 9189: 1.09亿元
Processing scale for fund 10136: 1.22亿元
Processing scale for fund 10220: 3.08亿元
Processing scale for fund 9249: 6.40亿元
Processing scale for fund 9205: 0.71亿元
Processing scale for fund 10372: 2.04亿元
Processing scale for fund 10386: 6.64亿元
Processing scale for fund 10597: 0.24亿元
Processing scale for fund 10057: 1.69亿元
Processing scale for fund 9766: 0.41亿元
Processing scale for fund 9888: 6.71亿元
Processing scale for fund 10036: 3.32亿元
Processing scale for fund 320005: 11.32亿元
Processing scale for fund 10029: 2.09亿元
Processing scale for fund 10030: 0.46亿元
Processing scale for fund 9486: 0.12亿元
Processing scale for fund 10598: 0.01亿元
Processing scale for fund 10541: 2.65亿元
Processing scale for fund 9995: 3.71亿元
Processing scale for fund 10371: 4.58亿元
Processing scale for fund 9708: 5.90亿元
Processing scale for fund 10042: 16.45亿元
Processing scale for fund 10115: 14.05亿元
Processing scale for fund 11129: 7.78亿元
Processing scale for fund 10617: 1.63亿元
Processing scale for fund 10729: 0.71亿元
Processing scale for fund 10350: 15.97亿元
Processing scale for fund 10041: 43.35亿元
Processing scale for fund 8847: 0.49亿元
Processing scale for fund 850004: 0.25亿元
Processing scale for fund 10826: 6.56亿元
Processing scale for fund 10874: 7.77亿元
Processing scale for fund 10618: 1.49亿元
Processing scale for fund 10728: 4.01亿元
Processing scale for fund 11334: 5.57亿元
Processing scale for fund 11252: 8.95亿元
Processing scale for fund 850088: 0.44亿元
Processing scale for fund 10827: 2.11亿元
Processing scale for fund 10875: 3.16亿元
Processing scale for fund 12154: 0.98亿元
Processing scale for fund 11618: 0.05亿元
Processing scale for fund 11571: 0.36亿元
Processing scale for fund 11469: 0.47亿元
Processing scale for fund 11779: 1.56亿元
Processing scale for fund 11128: 19.91亿元
Processing scale for fund 10448: 0.45亿元
Processing scale for fund 11533: 0.50亿元
Processing scale for fund 11575: 0.24亿元
Processing scale for fund 11855: 7.96亿元
Processing scale for fund 12345: 1.18亿元
Processing scale for fund 11144: 0.87亿元
Processing scale for fund 12139: 0.10亿元
Processing scale for fund 11906: 0.38亿元
Processing scale for fund 10923: 5.51亿元
Processing scale for fund 850099: 0.04亿元
Processing scale for fund 1755: 0.48亿元
Processing scale for fund 11998: 0.06亿元
Processing scale for fund 519120: 4.03亿元
Processing scale for fund 121010: 9.06亿元
Processing scale for fund 8866: 6.22亿元
Processing scale for fund 1844: 0.33亿元
Processing scale for fund 1884: 0.01亿元
Processing scale for fund 8867: 0.33亿元
Processing scale for fund 90018: 50.47亿元
Processing scale for fund 8370: 2.02亿元
Processing scale for fund 2833: 1.09亿元
Processing scale for fund 7592: 4.64亿元
Processing scale for fund 519767: 3.10亿元
Processing scale for fund 165508: 1.43亿元
Processing scale for fund 519033: 9.25亿元
Processing scale for fund 1250: 0.70亿元
Processing scale for fund 1745: 2.14亿元
Processing scale for fund 240022: 9.39亿元
Processing scale for fund 163822: 10.82亿元
Processing scale for fund 50001: 18.45亿元
Processing scale for fund 121003: 7.80亿元
Processing scale for fund 400011: 0.21亿元
Processing scale for fund 195: 0.47亿元
Processing scale for fund 710001: 5.66亿元
Processing scale for fund 202003: 40.53亿元
Processing scale for fund 160916: 16.46亿元
Processing scale for fund 120: 0.36亿元
Processing scale for fund 400013: 0.24亿元
Processing scale for fund 320003: 37.42亿元
Processing scale for fund 110012: 9.52亿元
Processing scale for fund 510081: 2.43亿元
Processing scale for fund 530006: 3.92亿元
Processing scale for fund 160603: 3.66亿元
Processing scale for fund 50201: 7.28亿元
Processing scale for fund 420009: 11.95亿元
Processing scale for fund 526: 0.45亿元
Processing scale for fund 214: 1.53亿元
Processing scale for fund 160627: 3.94亿元
Processing scale for fund 90003: 12.40亿元
Processing scale for fund 877: 7.43亿元
Processing scale for fund 630008: 6.87亿元
Processing scale for fund 166005: 21.19亿元
Processing scale for fund 4176: 0.65亿元
Processing scale for fund 928: 1.72亿元
Processing scale for fund 1074: 3.46亿元
Processing scale for fund 1609: 0.85亿元
Processing scale for fund 519756: 22.00亿元
Processing scale for fund 1068: 1.27亿元
Processing scale for fund 460002: 6.81亿元
Processing scale for fund 163415: 127.28亿元
Processing scale for fund 1570: 2.05亿元
Processing scale for fund 740001: 0.21亿元
Processing scale for fund 1363: 0.69亿元
Processing scale for fund 1882: 0.45亿元
Processing scale for fund 673030: 1.12亿元
Processing scale for fund 161609: 6.83亿元
Processing scale for fund 1412: 0.84亿元
Processing scale for fund 1430: 0.19亿元
Processing scale for fund 1076: 16.38亿元
Processing scale for fund 1228: 0.32亿元
Processing scale for fund 684: 1.17亿元
Processing scale for fund 1312: 2.23亿元
Processing scale for fund 288001: 26.26亿元
Processing scale for fund 260116: 13.95亿元
Processing scale for fund 1422: 2.31亿元
Processing scale for fund 2142: 1.62亿元
Processing scale for fund 2059: 0.11亿元
Processing scale for fund 673050: 1.49亿元
Processing scale for fund 1444: 1.05亿元
Processing scale for fund 420003: 6.45亿元
Processing scale for fund 1443: 0.44亿元
Processing scale for fund 1903: 0.05亿元
Processing scale for fund 1904: 0.07亿元
Processing scale for fund 2363: 25.38亿元
Processing scale for fund 2016: 1.69亿元
Processing scale for fund 2157: 0.12亿元
Processing scale for fund 160220: 0.47亿元
Processing scale for fund 2085: 0.35亿元
Processing scale for fund 2186: 0.05亿元
Processing scale for fund 2116: 2.36亿元
Processing scale for fund 519022: 3.31亿元
Processing scale for fund 160226: 0.10亿元
Processing scale for fund 2639: 0.81亿元
Processing scale for fund 1580: 4.45亿元
Processing scale for fund 519766: 0.77亿元
Processing scale for fund 519646: 0.00亿元
Processing scale for fund 2010: 12.75亿元
Processing scale for fund 1373: 28.61亿元
Processing scale for fund 2043: 0.17亿元
Processing scale for fund 161706: 22.24亿元
Processing scale for fund 3379: 5.23亿元
Processing scale for fund 1723: 0.83亿元
Processing scale for fund 519778: 28.15亿元
Processing scale for fund 1499: 0.23亿元
Processing scale for fund 2778: 0.00亿元
Processing scale for fund 161222: 13.47亿元
Processing scale for fund 3346: 0.18亿元
Processing scale for fund 501022: 20.80亿元
Processing scale for fund 2938: 1.47亿元
Processing scale for fund 3432: 1.21亿元
Processing scale for fund 3154: 0.52亿元
Processing scale for fund 554: 1.26亿元
Processing scale for fund 1148: 0.33亿元
Processing scale for fund 519727: 8.87亿元
Processing scale for fund 3396: 11.52亿元
Processing scale for fund 3484: 1.61亿元
Processing scale for fund 2663: 0.52亿元
Processing scale for fund 519949: 0.03亿元
Processing scale for fund 3345: 4.85亿元
Processing scale for fund 3380: 3.35亿元
Processing scale for fund 2779: 2.00亿元
Processing scale for fund 3485: 0.77亿元
Processing scale for fund 1204: 4.19亿元
Processing scale for fund 3433: 0.34亿元
Processing scale for fund 3692: 0.69亿元
Processing scale for fund 4320: 1.42亿元
Processing scale for fund 501032: 0.46亿元
Processing scale for fund 3993: 0.66亿元
Processing scale for fund 161810: 14.45亿元
Processing scale for fund 460009: 3.43亿元
Processing scale for fund 993: 1.10亿元
Processing scale for fund 4175: 0.05亿元
Processing scale for fund 3882: 2.95亿元
Processing scale for fund 3883: 0.14亿元
Processing scale for fund 4138: 3.53亿元
Processing scale for fund 1244: 2.15亿元
Processing scale for fund 4131: 0.05亿元
Processing scale for fund 4132: 0.05亿元
Processing scale for fund 4083: 3.19亿元
Processing scale for fund 3839: 3.12亿元
Processing scale for fund 673073: 1.13亿元
Processing scale for fund 4218: 0.29亿元
Processing scale for fund 100016: 4.74亿元
Processing scale for fund 4321: 1.07亿元
Processing scale for fund 420001: 4.72亿元
Processing scale for fund 160105: 5.24亿元
Processing scale for fund 3840: 0.33亿元
Processing scale for fund 1765: 0.02亿元
Processing scale for fund 1364: 0.57亿元
Processing scale for fund 1004: 0.59亿元
Processing scale for fund 598: 1.16亿元
Processing scale for fund 1623: 2.54亿元
Processing scale for fund 161225: 1.67亿元
Processing scale for fund 1648: 0.46亿元
Processing scale for fund 1266: 0.47亿元
Processing scale for fund 591: 0.29亿元
Processing scale for fund 4521: 0.03亿元
Processing scale for fund 4522: 0.07亿元
Processing scale for fund 2156: 0.93亿元
Processing scale for fund 2657: 4.37亿元
Processing scale for fund 1656: 1.34亿元
Processing scale for fund 2489: 0.54亿元
Processing scale for fund 1770: 0.34亿元
Processing scale for fund 2144: 3.57亿元
Processing scale for fund 4750: 2.83亿元
Processing scale for fund 4914: 0.04亿元
Processing scale for fund 5323: 0.89亿元
Processing scale for fund 4703: 6.29亿元
Processing scale for fund 4618: 0.11亿元
Processing scale for fund 4617: 0.04亿元
Processing scale for fund 5165: 0.12亿元
Processing scale for fund 4846: 0.17亿元
Processing scale for fund 5177: 13.72亿元
Processing scale for fund 4763: 0.97亿元
Processing scale for fund 2026: 0.23亿元
Processing scale for fund 4756: 0.65亿元
Processing scale for fund 5005: 0.08亿元
Processing scale for fund 4764: 0.78亿元
Processing scale for fund 4719: 0.18亿元
Processing scale for fund 5014: 9.09亿元
Processing scale for fund 4707: 3.23亿元
Processing scale for fund 1747: 1.28亿元
Processing scale for fund 2281: 0.81亿元
Processing scale for fund 5386: 5.41亿元
Processing scale for fund 5324: 0.03亿元
Processing scale for fund 894: 0.51亿元
Processing scale for fund 4871: 1.13亿元
Processing scale for fund 4702: 9.11亿元
Processing scale for fund 4913: 0.11亿元
Processing scale for fund 5178: 3.88亿元
Processing scale for fund 4958: 5.42亿元
Processing scale for fund 5387: 0.02亿元
Processing scale for fund 2019: 6.46亿元
Processing scale for fund 2174: 0.52亿元
Processing scale for fund 6022: 0.79亿元
Processing scale for fund 5331: 0.33亿元
Processing scale for fund 2358: 0.36亿元
Processing scale for fund 3501: 6.57亿元
Processing scale for fund 6161: 1.26亿元
Processing scale for fund 5955: 3.53亿元
Processing scale for fund 5040: 0.32亿元
Processing scale for fund 5596: 2.40亿元
Processing scale for fund 1305: 1.70亿元
Processing scale for fund 1898: 5.33亿元
Processing scale for fund 5638: 0.77亿元
Processing scale for fund 5597: 0.56亿元
Processing scale for fund 5833: 24.06亿元
Processing scale for fund 5225: 1.06亿元
Processing scale for fund 270008: 9.01亿元
Processing scale for fund 5959: 0.92亿元
Processing scale for fund 6302: 1.00亿元
Processing scale for fund 5399: 5.76亿元
Processing scale for fund 5588: 0.10亿元
Processing scale for fund 4720: 6.48亿元
Processing scale for fund 6652: 1.36亿元
Processing scale for fund 5834: 4.20亿元
Processing scale for fund 6540: 0.23亿元
Processing scale for fund 6587: 4.88亿元
Processing scale for fund 6522: 0.24亿元
Processing scale for fund 6992: 0.51亿元
Processing scale for fund 6202: 0.65亿元
Processing scale for fund 7126: 18.67亿元
Processing scale for fund 6879: 18.16亿元
Processing scale for fund 6122: 5.69亿元
Processing scale for fund 7127: 8.06亿元
Processing scale for fund 6568: 0.86亿元
Processing scale for fund 6780: 1.37亿元
Processing scale for fund 7294: 0.01亿元
Processing scale for fund 7261: 2.66亿元
Processing scale for fund 1907: 2.49亿元
Processing scale for fund 7460: 11.32亿元
Processing scale for fund 7326: 0.19亿元
Processing scale for fund 7343: 15.38亿元
Processing scale for fund 7293: 0.02亿元
Processing scale for fund 8405: 4.96亿元
Processing scale for fund 8252: 0.16亿元
Processing scale for fund 8404: 0.48亿元
Processing scale for fund 8981: 4.07亿元
Processing scale for fund 9049: 36.30亿元
Processing scale for fund 8318: 2.22亿元
Processing scale for fund 8372: 8.70亿元
Processing scale for fund 8319: 2.19亿元
Processing scale for fund 8373: 1.48亿元
Processing scale for fund 7067: 2.02亿元
Processing scale for fund 9062: 1.86亿元
Processing scale for fund 8251: 0.23亿元
Processing scale for fund 8099: 27.22亿元
Processing scale for fund 9487: 0.07亿元
Processing scale for fund 9376: 9.72亿元
Processing scale for fund 860010: 0.02亿元
Processing scale for fund 9592: 0.43亿元
Processing scale for fund 4202: 4.33亿元
Processing scale for fund 9138: 7.55亿元
Processing scale for fund 9669: 7.97亿元
Processing scale for fund 9054: 0.13亿元
Processing scale for fund 9701: 0.70亿元
Processing scale for fund 9092: 5.18亿元
Processing scale for fund 9591: 3.87亿元
Processing scale for fund 8955: 25.02亿元
Processing scale for fund 10301: 0.33亿元
Processing scale for fund 9797: 0.02亿元
Processing scale for fund 10114: 2.60亿元
Processing scale for fund 9327: 0.35亿元
Processing scale for fund 9596: 6.58亿元
Processing scale for fund 10246: 2.04亿元
Processing scale for fund 10312: 0.24亿元
Processing scale for fund 9880: 1.19亿元
Processing scale for fund 9912: 0.01亿元
Processing scale for fund 9767: 0.11亿元
Processing scale for fund 10273: 38.26亿元
Processing scale for fund 10808: 0.19亿元
Processing scale for fund 10662: 41.01亿元
Processing scale for fund 10383: 3.24亿元
Processing scale for fund 10995: 0.85亿元
Processing scale for fund 10994: 3.83亿元
Processing scale for fund 11363: 42.27亿元
Processing scale for fund 10820: 0.16亿元
Processing scale for fund 2264: 4.48亿元
Processing scale for fund 10819: 0.33亿元
Processing scale for fund 11393: 2.11亿元
Processing scale for fund 11429: 1.71亿元
Processing scale for fund 11394: 0.18亿元
Processing scale for fund 10825: 0.79亿元
Processing scale for fund 11118: 0.67亿元
Processing scale for fund 10743: 0.83亿元
Processing scale for fund 11300: 31.71亿元
Processing scale for fund 10809: 0.24亿元
Processing scale for fund 10846: 18.23亿元
Processing scale for fund 10824: 4.03亿元
Processing scale for fund 11153: 6.36亿元
Processing scale for fund 10966: 37.26亿元
Processing scale for fund 11119: 0.34亿元
Processing scale for fund 910017: 0.35亿元
Processing scale for fund 10663: 0.20亿元
Processing scale for fund 11301: 10.82亿元
Processing scale for fund 2015: 3.81亿元
Processing scale for fund 11161: 0.15亿元
Processing scale for fund 11397: 0.26亿元
Processing scale for fund 8892: 0.62亿元
Processing scale for fund 11160: 3.62亿元
Processing scale for fund 11068: 3.25亿元
Processing scale for fund 11826: 6.49亿元
Processing scale for fund 11827: 1.60亿元
Processing scale for fund 12124: 2.68亿元
Processing scale for fund 11780: 0.79亿元
Processing scale for fund 11165: 12.24亿元
Processing scale for fund 11866: 12.80亿元
Processing scale for fund 12221: 0.49亿元
Processing scale for fund 11164: 28.87亿元
Processing scale for fund 11135: 1.12亿元
Processing scale for fund 11134: 3.28亿元
Processing scale for fund 10274: 2.76亿元
Processing scale for fund 11698: 2.13亿元
Processing scale for fund 11616: 0.03亿元
Processing scale for fund 11145: 0.41亿元
Processing scale for fund 9740: 2.92亿元
Processing scale for fund 10932: 0.00亿元
Processing scale for fund 10931: 1.13亿元
Processing scale for fund 12420: 9.39亿元
Processing scale for fund 11637: 9.44亿元
Processing scale for fund 11856: 3.11亿元
Processing scale for fund 11376: 2.02亿元
Processing scale for fund 12607: 1.55亿元
Processing scale for fund 12660: 1.92亿元
Processing scale for fund 12225: 11.20亿元
Processing scale for fund 12640: 0.69亿元
Processing scale for fund 9622: 2.87亿元
Processing scale for fund 11250: 7.77亿元
Processing scale for fund 12951: 0.41亿元
Processing scale for fund 12719: 13.77亿元
Processing scale for fund 12715: 0.91亿元
Processing scale for fund 8715: 3.78亿元
Processing scale for fund 12533: 29.15亿元
Processing scale for fund 11834: 1.75亿元
Processing scale for fund 12534: 1.86亿元
Processing scale for fund 11555: 0.29亿元
Processing scale for fund 11554: 0.51亿元
Processing scale for fund 12955: 1.74亿元
Processing scale for fund 12956: 1.21亿元
Processing scale for fund 11249: 6.97亿元
Processing scale for fund 12940: 13.04亿元
Processing scale for fund 12610: 5.38亿元
Processing scale for fund 12609: 11.94亿元
Processing scale for fund 12202: 1.86亿元
Processing scale for fund 12203: 0.19亿元
Processing scale for fund 12641: 0.04亿元
Processing scale for fund 3693: 5.10亿元
Processing scale for fund 12701: 1.24亿元
Processing scale for fund 13141: 17.43亿元
Processing scale for fund 12943: 6.63亿元
Processing scale for fund 12953: 3.09亿元
Processing scale for fund 2768: 0.95亿元
Processing scale for fund 11803: 3.48亿元
Processing scale for fund 13247: 15.95亿元
Processing scale for fund 12954: 0.64亿元
Processing scale for fund 9621: 2.11亿元
Processing scale for fund 970015: 0.86亿元
Processing scale for fund 12071: 0.38亿元
Processing scale for fund 11804: 0.54亿元
Processing scale for fund 13734: 0.13亿元
Processing scale for fund 12057: 8.36亿元
Processing scale for fund 13659: 0.80亿元
Processing scale for fund 12160: 3.56亿元
Processing scale for fund 12159: 3.25亿元
Processing scale for fund 12944: 4.83亿元
Processing scale for fund 12072: 0.35亿元
Processing scale for fund 13733: 0.59亿元
Processing scale for fund 13770: 1.99亿元
Processing scale for fund 11872: 1.65亿元
Processing scale for fund 13660: 0.51亿元
Processing scale for fund 11891: 5.21亿元
Processing scale for fund 11892: 2.59亿元
Processing scale for fund 13285: 0.21亿元
Processing scale for fund 13678: 1.45亿元
Processing scale for fund 13486: 2.27亿元
Processing scale for fund 13485: 2.47亿元
Processing scale for fund 12587: 0.06亿元
Processing scale for fund 13769: 2.34亿元
Processing scale for fund 970074: 0.68亿元
Processing scale for fund 14149: 0.21亿元
Processing scale for fund 11981: 0.51亿元
Processing scale for fund 14095: 0.10亿元
Processing scale for fund 13884: 0.11亿元
Processing scale for fund 13620: 18.77亿元
Processing scale for fund 13910: 26.30亿元
Processing scale for fund 13938: 2.42亿元
Processing scale for fund 13360: 5.27亿元
Processing scale for fund 11980: 1.28亿元
Processing scale for fund 8422: 0.48亿元
Processing scale for fund 13859: 15.69亿元
Processing scale for fund 13464: 0.09亿元
Processing scale for fund 12586: 0.86亿元
Processing scale for fund 14106: 3.46亿元
Processing scale for fund 14319: 2.65亿元
Processing scale for fund 14038: 17.95亿元
Processing scale for fund 14339: 3.23亿元
Processing scale for fund 14039: 4.71亿元
Processing scale for fund 14340: 1.80亿元
Processing scale for fund 970073: 0.73亿元
Processing scale for fund 13463: 1.11亿元
Processing scale for fund 14094: 2.64亿元
Processing scale for fund 14148: 0.46亿元
Processing scale for fund 12579: 1.56亿元
Processing scale for fund 13636: 1.08亿元
Processing scale for fund 13073: 0.40亿元
Processing scale for fund 13072: 0.27亿元
Processing scale for fund 10038: 0.59亿元
Processing scale for fund 14598: 1.11亿元
Processing scale for fund 14597: 13.17亿元
Processing scale for fund 14061: 3.05亿元
Processing scale for fund 13284: 0.03亿元
Processing scale for fund 11466: 2.46亿元
Processing scale for fund 14109: 2.85亿元
Processing scale for fund 11835: 0.14亿元
Processing scale for fund 12702: 4.03亿元
Processing scale for fund 199: 1.84亿元
Processing scale for fund 14157: 1.28亿元
Processing scale for fund 5775: 0.39亿元
Processing scale for fund 13860: 24.97亿元
Processing scale for fund 7233: 0.52亿元
Processing scale for fund 12720: 0.99亿元
Processing scale for fund 8423: 0.13亿元
Processing scale for fund 12578: 6.47亿元
Processing scale for fund 1418: 0.07亿元
Processing scale for fund 450010: 7.68亿元
Processing scale for fund 9741: 0.18亿元
Processing scale for fund 1892: 0.97亿元
Processing scale for fund 11786: 0.87亿元
Processing scale for fund 13911: 14.09亿元
Processing scale for fund 5269: 1.12亿元
Processing scale for fund 519095: 1.39亿元
Processing scale for fund 124: 5.87亿元
Processing scale for fund 1650: 0.91亿元
Processing scale for fund 166001: 24.16亿元
Processing scale for fund 1256: 13.37亿元
Processing scale for fund 2087: 2.10亿元
Processing scale for fund 165: 9.16亿元
Processing scale for fund 160921: 3.47亿元
Processing scale for fund 519616: 0.04亿元
Processing scale for fund 1513: 29.89亿元
Processing scale for fund 1801: 18.66亿元
Processing scale for fund 4008: 0.04亿元
Processing scale for fund 4335: 2.24亿元
Processing scale for fund 4340: 3.85亿元
Processing scale for fund 161232: 16.64亿元
Processing scale for fund 4517: 3.84亿元
Processing scale for fund 3125: 0.03亿元
Processing scale for fund 519150: 2.96亿元
Processing scale for fund 5445: 0.63亿元
Processing scale for fund 4932: 2.78亿元
Processing scale for fund 5906: 0.27亿元
Processing scale for fund 7415: 8.19亿元
Processing scale for fund 8969: 106.57亿元
Processing scale for fund 8704: 2.51亿元
Processing scale for fund 9130: 1.50亿元
Processing scale for fund 8077: 0.01亿元
Processing scale for fund 9055: 0.27亿元
Processing scale for fund 9400: 2.13亿元
Processing scale for fund 9412: 2.25亿元
Processing scale for fund 9913: 1.47亿元
Processing scale for fund 10211: 1.10亿元
Processing scale for fund 10707: 1.60亿元
Processing scale for fund 4405: 2.27亿元
Processing scale for fund 10552: 3.40亿元
Processing scale for fund 2120: 2.31亿元
Processing scale for fund 11585: 7.58亿元
Processing scale for fund 10408: 0.87亿元
Processing scale for fund 10338: 7.41亿元
Processing scale for fund 10589: 0.79亿元
Processing scale for fund 10870: 0.94亿元
Processing scale for fund 3161: 23.07亿元
Processing scale for fund 11562: 2.14亿元
Processing scale for fund 270022: 8.75亿元
Processing scale for fund 5937: 0.95亿元
Processing scale for fund 9810: 2.08亿元
Processing scale for fund 165516: 8.90亿元
Successfully imported 混合型.csv
Columns in 债券型.csv: ['代码', '简称', '基金经理', '基金公司', '资产规模', '评级评分', '涨幅评分', '业绩评分', '综合评分', '上海证券评级', '招商证券评级', '济安金信评级', '晨星评级', '近3月涨幅', '近3月四分位', '近6月涨幅', '近6月四分位', '近1年涨幅', '近1年四分位', '近2年涨幅', '近2年四分位', '近3年涨幅', '近3年四分位', '近5年涨幅', '近5年四分位', '选证能力', '收益率', '抗风险', '稳定性', '管理规模']
Processing scale for fund 485119: 73.59亿元
Processing scale for fund 400030: 183.90亿元
Processing scale for fund 931: 8.62亿元
Processing scale for fund 2881: 48.46亿元
Processing scale for fund 3417: 45.67亿元
Processing scale for fund 3102: 10.70亿元
Processing scale for fund 3289: 11.23亿元
Processing scale for fund 2550: 100.45亿元
Processing scale for fund 4061: 10.51亿元
Processing scale for fund 675091: 13.76亿元
Processing scale for fund 4907: 4.50亿元
Processing scale for fund 5853: 23.67亿元
Processing scale for fund 270044: 131.85亿元
Processing scale for fund 6242: 3.81亿元
Processing scale for fund 7828: 26.10亿元
Processing scale for fund 7676: 5.20亿元
Processing scale for fund 7311: 10.25亿元
Processing scale for fund 8578: 31.83亿元
Processing scale for fund 7744: 21.79亿元
Processing scale for fund 8857: 23.59亿元
Processing scale for fund 2138: 2.02亿元
Processing scale for fund 7537: 13.22亿元
Processing scale for fund 7551: 6.21亿元
Processing scale for fund 162210: 27.14亿元
Processing scale for fund 485019: 1.20亿元
Processing scale for fund 306: 20.18亿元
Processing scale for fund 914: 69.47亿元
Processing scale for fund 744: 30.71亿元
Processing scale for fund 519519: 0.53亿元
Processing scale for fund 181: 31.43亿元
Processing scale for fund 270048: 163.36亿元
Processing scale for fund 485107: 12.74亿元
Processing scale for fund 3545: 3.67亿元
Processing scale for fund 1993: 13.67亿元
Processing scale for fund 3156: 80.44亿元
Processing scale for fund 2775: 8.01亿元
Processing scale for fund 3547: 77.95亿元
Processing scale for fund 162715: 36.42亿元
Processing scale for fund 3155: 15.31亿元
Processing scale for fund 2175: 12.61亿元
Processing scale for fund 161716: 98.93亿元
Processing scale for fund 3742: 12.72亿元
Processing scale for fund 3863: 52.28亿元
Processing scale for fund 4388: 188.90亿元
Processing scale for fund 400009: 0.43亿元
Processing scale for fund 675093: 5.74亿元
Processing scale for fund 3103: 3.43亿元
Processing scale for fund 217022: 197.97亿元
Processing scale for fund 4042: 240.95亿元
Processing scale for fund 4908: 0.07亿元
Processing scale for fund 745: 0.68亿元
Processing scale for fund 6210: 26.32亿元
Processing scale for fund 6212: 10.61亿元
Processing scale for fund 6475: 61.56亿元
Processing scale for fund 6211: 20.66亿元
Processing scale for fund 6747: 3.96亿元
Processing scale for fund 6549: 46.33亿元
Processing scale for fund 519945: 14.09亿元
Processing scale for fund 6980: 3.85亿元
Processing scale for fund 7554: 17.12亿元
Processing scale for fund 7194: 71.29亿元
Processing scale for fund 7167: 10.34亿元
Processing scale for fund 7562: 65.86亿元
Processing scale for fund 7312: 0.00亿元
Processing scale for fund 5079: 41.00亿元
Processing scale for fund 7745: 6.52亿元
Processing scale for fund 8799: 10.32亿元
Processing scale for fund 8798: 46.96亿元
Processing scale for fund 8232: 4.44亿元
Processing scale for fund 8873: 22.47亿元
Processing scale for fund 7336: 5.08亿元
Processing scale for fund 8858: 0.08亿元
Processing scale for fund 8206: 7.51亿元
Processing scale for fund 6970: 15.72亿元
Processing scale for fund 6760: 23.24亿元
Processing scale for fund 10431: 0.57亿元
Processing scale for fund 10430: 20.42亿元
Processing scale for fund 10011: 36.36亿元
Processing scale for fund 10012: 7.87亿元
Processing scale for fund 10223: 3.68亿元
Processing scale for fund 10232: 212.39亿元
Processing scale for fund 8035: 4.53亿元
Processing scale for fund 10353: 34.54亿元
Processing scale for fund 10354: 5.17亿元
Processing scale for fund 970024: 0.50亿元
Processing scale for fund 11489: 98.83亿元
Processing scale for fund 485007: 1.83亿元
Processing scale for fund 4062: 0.07亿元
Processing scale for fund 7408: 24.68亿元
Processing scale for fund 32: 91.26亿元
Processing scale for fund 116: 24.94亿元
Processing scale for fund 217011: 40.99亿元
Processing scale for fund 590009: 71.84亿元
Processing scale for fund 750002: 38.97亿元
Processing scale for fund 750003: 22.18亿元
Processing scale for fund 270045: 38.85亿元
Processing scale for fund 217024: 48.76亿元
Processing scale for fund 630003: 2.60亿元
Processing scale for fund 110018: 73.11亿元
Processing scale for fund 104: 1.36亿元
Processing scale for fund 519973: 15.37亿元
Processing scale for fund 546: 29.33亿元
Processing scale for fund 162299: 3.89亿元
Processing scale for fund 40026: 8.78亿元
Processing scale for fund 5637: 21.13亿元
Processing scale for fund 801: 6.82亿元
Processing scale for fund 460003: 0.20亿元
Processing scale for fund 33: 69.45亿元
Processing scale for fund 161614: 2.96亿元
Processing scale for fund 37: 83.02亿元
Processing scale for fund 2519: 2.00亿元
Processing scale for fund 161603: 10.18亿元
Processing scale for fund 2569: 17.25亿元
Processing scale for fund 2929: 13.38亿元
Processing scale for fund 2139: 5.29亿元
Processing scale for fund 2795: 11.48亿元
Processing scale for fund 2404: 39.79亿元
Processing scale for fund 3207: 6.54亿元
Processing scale for fund 1961: 3.51亿元
Processing scale for fund 200009: 18.45亿元
Processing scale for fund 271: 4.79亿元
Processing scale for fund 519136: 2.70亿元
Processing scale for fund 420102: 142.61亿元
Processing scale for fund 519944: 0.79亿元
Processing scale for fund 3521: 0.86亿元
Processing scale for fund 3824: 39.47亿元
Processing scale for fund 3520: 4.19亿元
Processing scale for fund 2925: 53.91亿元
Processing scale for fund 100058: 33.44亿元
Processing scale for fund 3401: 49.51亿元
Processing scale for fund 3650: 8.62亿元
Processing scale for fund 3424: 7.40亿元
Processing scale for fund 4322: 5.25亿元
Processing scale for fund 519947: 1.50亿元
Processing scale for fund 3859: 35.44亿元
Processing scale for fund 3864: 53.48亿元
Processing scale for fund 110017: 200.25亿元
Processing scale for fund 4459: 11.51亿元
Processing scale for fund 4031: 16.84亿元
Processing scale for fund 4438: 4.53亿元
Processing scale for fund 186: 65.74亿元
Processing scale for fund 3703: 46.11亿元
Processing scale for fund 4043: 59.19亿元
Processing scale for fund 583: 2.74亿元
Processing scale for fund 212: 5.45亿元
Processing scale for fund 40022: 40.37亿元
Processing scale for fund 5446: 10.18亿元
Processing scale for fund 5547: 10.38亿元
Processing scale for fund 4821: 92.31亿元
Processing scale for fund 6061: 12.43亿元
Processing scale for fund 6213: 0.52亿元
Processing scale for fund 6150: 5.68亿元
Processing scale for fund 5455: 30.83亿元
Processing scale for fund 6064: 0.71亿元
Processing scale for fund 4940: 1.35亿元
Processing scale for fund 5705: 47.02亿元
Processing scale for fund 5828: 6.89亿元
Processing scale for fund 6287: 77.90亿元
Processing scale for fund 5448: 10.64亿元
Processing scale for fund 2644: 16.23亿元
Processing scale for fund 6135: 13.08亿元
Processing scale for fund 5684: 9.14亿元
Processing scale for fund 5779: 10.00亿元
Processing scale for fund 6936: 11.58亿元
Processing scale for fund 6174: 19.45亿元
Processing scale for fund 1868: 9.69亿元
Processing scale for fund 6596: 24.16亿元
Processing scale for fund 6645: 63.84亿元
Processing scale for fund 6708: 0.00亿元
Processing scale for fund 6989: 84.30亿元
Processing scale for fund 6929: 10.31亿元
Processing scale for fund 6965: 92.69亿元
Processing scale for fund 6985: 61.45亿元
Processing scale for fund 6824: 33.81亿元
Processing scale for fund 6626: 33.13亿元
Processing scale for fund 7025: 11.99亿元
Processing scale for fund 6892: 0.23亿元
Processing scale for fund 7061: 5.17亿元
Processing scale for fund 6829: 52.20亿元
Processing scale for fund 7829: 2.76亿元
Processing scale for fund 7168: 0.01亿元
Processing scale for fund 7212: 12.81亿元
Processing scale for fund 7008: 6.58亿元
Processing scale for fund 7145: 33.22亿元
Processing scale for fund 7175: 6.90亿元
Processing scale for fund 7529: 148.33亿元
Processing scale for fund 6032: 15.94亿元
Processing scale for fund 7492: 102.18亿元
Processing scale for fund 4647: 11.05亿元
Processing scale for fund 7195: 44.99亿元
Processing scale for fund 7859: 6.64亿元
Processing scale for fund 8031: 34.86亿元
Processing scale for fund 6147: 0.60亿元
Processing scale for fund 8678: 9.51亿元
Processing scale for fund 8654: 7.51亿元
Processing scale for fund 8176: 27.35亿元
Processing scale for fund 8204: 174.16亿元
Processing scale for fund 8108: 38.52亿元
Processing scale for fund 900019: 12.60亿元
Processing scale for fund 7941: 10.19亿元
Processing scale for fund 8579: 3.93亿元
Processing scale for fund 9050: 48.28亿元
Processing scale for fund 8207: 92.30亿元
Processing scale for fund 8369: 15.63亿元
Processing scale for fund 8109: 13.34亿元
Processing scale for fund 8331: 0.57亿元
Processing scale for fund 9045: 10.50亿元
Processing scale for fund 9267: 38.80亿元
Processing scale for fund 9311: 46.05亿元
Processing scale for fund 9605: 20.89亿元
Processing scale for fund 8508: 15.38亿元
Processing scale for fund 7611: 5.76亿元
Processing scale for fund 8791: 108.31亿元
Processing scale for fund 673: 1.79亿元
Processing scale for fund 9604: 1.51亿元
Processing scale for fund 9617: 28.31亿元
Processing scale for fund 2337: 0.10亿元
Processing scale for fund 8233: 0.66亿元
Processing scale for fund 3978: 44.05亿元
Processing scale for fund 9771: 0.09亿元
Processing scale for fund 9456: 16.35亿元
Processing scale for fund 860035: 10.47亿元
Processing scale for fund 9403: 0.72亿元
Processing scale for fund 10086: 21.39亿元
Processing scale for fund 10226: 0.05亿元
Processing scale for fund 860050: 4.04亿元
Processing scale for fund 10145: 10.38亿元
Processing scale for fund 7684: 0.51亿元
Processing scale for fund 7683: 0.86亿元
Processing scale for fund 9203: 11.85亿元
Processing scale for fund 9461: 1.75亿元
Processing scale for fund 10227: 4.53亿元
Processing scale for fund 8036: 8.36亿元
Processing scale for fund 10804: 0.01亿元
Processing scale for fund 10440: 3.27亿元
Processing scale for fund 10803: 20.65亿元
Processing scale for fund 1246: 1.48亿元
Processing scale for fund 7091: 6.22亿元
Processing scale for fund 8864: 60.05亿元
Processing scale for fund 12099: 3.05亿元
Processing scale for fund 11657: 0.07亿元
Processing scale for fund 12418: 3.66亿元
Processing scale for fund 12233: 2.95亿元
Processing scale for fund 11683: 16.21亿元
Processing scale for fund 11490: 30.78亿元
Processing scale for fund 5428: 20.04亿元
Processing scale for fund 7530: 47.13亿元
Processing scale for fund 7769: 15.27亿元
Processing scale for fund 552: 5.23亿元
Processing scale for fund 11656: 10.55亿元
Processing scale for fund 3223: 55.38亿元
Processing scale for fund 3157: 27.41亿元
Processing scale for fund 970025: 7.07亿元
Processing scale for fund 8668: 10.86亿元
Processing scale for fund 8510: 5.38亿元
Processing scale for fund 100072: 12.28亿元
Processing scale for fund 8700: 8.61亿元
Processing scale for fund 2645: 1.19亿元
Processing scale for fund 7958: 21.22亿元
Processing scale for fund 3324: 20.25亿元
Processing scale for fund 7860: 2.27亿元
Processing scale for fund 5862: 51.06亿元
Processing scale for fund 7677: 13.90亿元
Processing scale for fund 8503: 62.87亿元
Processing scale for fund 3448: 11.81亿元
Processing scale for fund 122: 25.43亿元
Processing scale for fund 20002: 3.61亿元
Processing scale for fund 164808: 14.48亿元
Processing scale for fund 485111: 51.90亿元
Processing scale for fund 110008: 259.50亿元
Processing scale for fund 360008: 34.23亿元
Processing scale for fund 123: 3.25亿元
Processing scale for fund 70025: 28.15亿元
Processing scale for fund 217003: 4.46亿元
Processing scale for fund 519669: 1.36亿元
Processing scale for fund 205: 33.19亿元
Processing scale for fund 380005: 32.98亿元
Processing scale for fund 161908: 1.93亿元
Processing scale for fund 497: 10.01亿元
Processing scale for fund 162716: 3.92亿元
Processing scale for fund 402: 75.53亿元
Processing scale for fund 973: 5.23亿元
Processing scale for fund 668: 4.85亿元
Processing scale for fund 1776: 40.82亿元
Processing scale for fund 182: 3.00亿元
Processing scale for fund 360009: 6.52亿元
Processing scale for fund 121012: 66.75亿元
Processing scale for fund 450018: 0.03亿元
Processing scale for fund 2438: 10.04亿元
Processing scale for fund 20012: 1.72亿元
Processing scale for fund 2344: 1.53亿元
Processing scale for fund 2362: 6.78亿元
Processing scale for fund 2882: 13.25亿元
Processing scale for fund 2354: 6.55亿元
Processing scale for fund 2065: 78.35亿元
Processing scale for fund 163007: 5.23亿元
Processing scale for fund 519762: 24.39亿元
Processing scale for fund 2361: 47.28亿元
Processing scale for fund 2066: 2.84亿元
Processing scale for fund 3218: 9.30亿元
Processing scale for fund 2474: 21.74亿元
Processing scale for fund 2206: 6.35亿元
Processing scale for fund 3265: 26.22亿元
Processing scale for fund 2997: 1.08亿元
Processing scale for fund 3671: 55.86亿元
Processing scale for fund 3795: 5.56亿元
Processing scale for fund 3979: 5.83亿元
Processing scale for fund 4118: 11.10亿元
Processing scale for fund 3637: 15.49亿元
Processing scale for fund 4140: 78.85亿元
Processing scale for fund 191: 128.97亿元
Processing scale for fund 130: 1.74亿元
Processing scale for fund 4729: 0.50亿元
Processing scale for fund 4601: 8.64亿元
Processing scale for fund 3071: 52.57亿元
Processing scale for fund 2277: 1.77亿元
Processing scale for fund 4246: 0.61亿元
Processing scale for fund 2276: 19.16亿元
Processing scale for fund 4728: 38.15亿元
Processing scale for fund 3999: 3.11亿元
Processing scale for fund 3657: 3.36亿元
Processing scale for fund 606: 209.25亿元
Processing scale for fund 2486: 31.81亿元
Processing scale for fund 5159: 55.31亿元
Processing scale for fund 4705: 43.66亿元
Processing scale for fund 5193: 0.04亿元
Processing scale for fund 5160: 11.66亿元
Processing scale for fund 6237: 10.95亿元
Processing scale for fund 5754: 35.32亿元
Processing scale for fund 675161: 20.30亿元
Processing scale for fund 5908: 50.07亿元
Processing scale for fund 675163: 10.13亿元
Processing scale for fund 5996: 16.35亿元
Processing scale for fund 6184: 2.10亿元
Processing scale for fund 6177: 0.80亿元
Processing scale for fund 4101: 7.85亿元
Processing scale for fund 6191: 121.91亿元
Processing scale for fund 5419: 29.63亿元
Processing scale for fund 40023: 41.91亿元
Processing scale for fund 6874: 21.51亿元
Processing scale for fund 6411: 10.06亿元
Processing scale for fund 5513: 9.51亿元
Processing scale for fund 6725: 7.34亿元
Processing scale for fund 6576: 10.84亿元
Processing scale for fund 6304: 20.63亿元
Processing scale for fund 5514: 1.93亿元
Processing scale for fund 6853: 40.51亿元
Processing scale for fund 7279: 119.74亿元
Processing scale for fund 7888: 72.32亿元
Processing scale for fund 7263: 4.95亿元
Processing scale for fund 7616: 43.90亿元
Processing scale for fund 7214: 24.49亿元
Processing scale for fund 7262: 18.39亿元
Processing scale for fund 6332: 0.19亿元
Processing scale for fund 8765: 20.38亿元
Processing scale for fund 7337: 0.00亿元
Processing scale for fund 8040: 105.61亿元
Processing scale for fund 900039: 0.00亿元
Processing scale for fund 7612: 0.00亿元
Processing scale for fund 8571: 0.63亿元
Processing scale for fund 7738: 5.67亿元
Processing scale for fund 8572: 0.12亿元
Processing scale for fund 7901: 100.23亿元
Processing scale for fund 9580: 1.78亿元
Processing scale for fund 8686: 75.03亿元
Processing scale for fund 8687: 2.87亿元
Processing scale for fund 9350: 0.02亿元
Processing scale for fund 8999: 19.01亿元
Processing scale for fund 9534: 3.27亿元
Processing scale for fund 9495: 60.79亿元
Processing scale for fund 8874: 0.02亿元
Processing scale for fund 8558: 42.90亿元
Processing scale for fund 8383: 56.35亿元
Processing scale for fund 10087: 0.00亿元
Processing scale for fund 7540: 46.26亿元
Processing scale for fund 6599: 44.25亿元
Processing scale for fund 50027: 119.59亿元
Processing scale for fund 9306: 60.57亿元
Processing scale for fund 10191: 21.17亿元
Processing scale for fund 2704: 15.43亿元
Processing scale for fund 10192: 0.00亿元
Processing scale for fund 10309: 2.58亿元
Processing scale for fund 10175: 0.21亿元
Processing scale for fund 11008: 36.29亿元
Processing scale for fund 12229: 0.88亿元
Processing scale for fund 4564: 0.02亿元
Processing scale for fund 12356: 6.05亿元
Processing scale for fund 10653: 10.41亿元
Processing scale for fund 10174: 0.99亿元
Processing scale for fund 12397: 5.64亿元
Processing scale for fund 6635: 37.97亿元
Processing scale for fund 12395: 3.79亿元
Processing scale for fund 13068: 17.35亿元
Processing scale for fund 11262: 25.68亿元
Processing scale for fund 13375: 11.57亿元
Processing scale for fund 13585: 42.15亿元
Processing scale for fund 13456: 0.00亿元
Processing scale for fund 970063: 8.23亿元
Processing scale for fund 11263: 0.00亿元
Processing scale for fund 110035: 112.55亿元
Processing scale for fund 12451: 14.58亿元
Processing scale for fund 970054: 0.98亿元
Processing scale for fund 13216: 3.32亿元
Processing scale for fund 970055: 0.45亿元
Processing scale for fund 14083: 7.56亿元
Processing scale for fund 12618: 12.60亿元
Processing scale for fund 970037: 3.21亿元
Processing scale for fund 14086: 83.38亿元
Processing scale for fund 970035: 4.58亿元
Processing scale for fund 13429: 12.29亿元
Processing scale for fund 970036: 1.06亿元
Processing scale for fund 14084: 29.12亿元
Processing scale for fund 13976: 1.65亿元
Processing scale for fund 13807: 4.00亿元
Processing scale for fund 13804: 9.65亿元
Processing scale for fund 13977: 12.69亿元
Processing scale for fund 13428: 21.76亿元
Processing scale for fund 911: 50.84亿元
Processing scale for fund 6337: 45.21亿元
Processing scale for fund 6288: 1.06亿元
Processing scale for fund 9349: 0.03亿元
Processing scale for fund 900026: 17.09亿元
Processing scale for fund 10310: 1.79亿元
Processing scale for fund 7447: 115.39亿元
Processing scale for fund 3838: 4.38亿元
Processing scale for fund 5909: 8.06亿元
Processing scale for fund 519726: 1.99亿元
Processing scale for fund 970086: 5.41亿元
Processing scale for fund 10856: 81.72亿元
Processing scale for fund 161115: 116.15亿元
Processing scale for fund 100018: 94.85亿元
Processing scale for fund 270046: 69.43亿元
Processing scale for fund 1960: 37.02亿元
Processing scale for fund 2268: 44.18亿元
Processing scale for fund 1235: 17.70亿元
Processing scale for fund 675111: 41.88亿元
Processing scale for fund 675100: 17.15亿元
Processing scale for fund 2073: 17.61亿元
Processing scale for fund 3407: 72.93亿元
Processing scale for fund 5171: 51.49亿元
Processing scale for fund 4920: 57.74亿元
Processing scale for fund 6043: 125.42亿元
Processing scale for fund 6422: 0.05亿元
Processing scale for fund 6513: 10.42亿元
Processing scale for fund 6850: 22.90亿元
Processing scale for fund 6901: 62.96亿元
Processing scale for fund 6558: 24.72亿元
Processing scale for fund 7295: 57.58亿元
Processing scale for fund 7105: 39.76亿元
Processing scale for fund 7321: 72.55亿元
Processing scale for fund 7536: 12.00亿元
Processing scale for fund 7196: 10.33亿元
Processing scale for fund 7985: 15.77亿元
Processing scale for fund 7716: 33.45亿元
Processing scale for fund 8302: 54.16亿元
Processing scale for fund 8409: 167.16亿元
Processing scale for fund 8465: 14.96亿元
Processing scale for fund 9831: 10.68亿元
Processing scale for fund 6066: 32.51亿元
Successfully imported 债券型.csv
Columns in 指数型.csv: ['代码', '简称', '基金经理', '基金公司', '资产规模', '评级评分', '涨幅评分', '业绩评分', '综合评分', '上海证券评级', '招商证券评级', '济安金信评级', '晨星评级', '近3月涨幅', '近3月四分位', '近6月涨幅', '近6月四分位', '近1年涨幅', '近1年四分位', '近2年涨幅', '近2年四分位', '近3年涨幅', '近3年四分位', '近5年涨幅', '近5年四分位', '选证能力', '收益率', '跟踪误差', '超额收益', '管理规模']
Processing scale for fund 6196: 3.78亿元
Processing scale for fund 160615: 19.23亿元
Processing scale for fund 166802: 2.26亿元
Processing scale for fund 161120: 10.64亿元
Processing scale for fund 8238: 1.87亿元
Processing scale for fund 320014: 6.19亿元
Processing scale for fund 3318: 9.35亿元
Processing scale for fund 540012: 2.91亿元
Processing scale for fund 163808: 4.58亿元
Processing scale for fund 4513: 9.09亿元
Processing scale for fund 202015: 26.66亿元
Processing scale for fund 161119: 70.60亿元
Processing scale for fund 161039: 9.91亿元
Processing scale for fund 512960: 54.04亿元
Processing scale for fund 6438: 2.90亿元
Processing scale for fund 6197: 1.86亿元
Processing scale for fund 512950: 62.55亿元
Processing scale for fund 6439: 0.18亿元
Processing scale for fund 6925: 98.68亿元
Processing scale for fund 7538: 5.68亿元
Processing scale for fund 7275: 1.29亿元
Processing scale for fund 7208: 2.08亿元
Processing scale for fund 515110: 3.04亿元
Processing scale for fund 7180: 83.69亿元
Processing scale for fund 515150: 7.42亿元
Processing scale for fund 7788: 0.43亿元
Processing scale for fund 7364: 17.78亿元
Processing scale for fund 7994: 38.40亿元
Processing scale for fund 7786: 0.13亿元
Processing scale for fund 7787: 0.05亿元
Processing scale for fund 7789: 0.19亿元
Processing scale for fund 8340: 21.25亿元
Processing scale for fund 9087: 0.00亿元
Processing scale for fund 10203: 1.69亿元
Processing scale for fund 10202: 0.94亿元
Processing scale for fund 9726: 10.01亿元
Processing scale for fund 8583: 78.95亿元
Processing scale for fund 8584: 0.41亿元
Processing scale for fund 10673: 10.98亿元
Processing scale for fund 952003: 11.30亿元
Processing scale for fund 4194: 9.75亿元
Processing scale for fund 213010: 1.72亿元
Processing scale for fund 470007: 9.94亿元
Processing scale for fund 165312: 3.58亿元
Processing scale for fund 510130: 2.92亿元
Processing scale for fund 110021: 1.91亿元
Processing scale for fund 159936: 3.14亿元
Processing scale for fund 656: 5.90亿元
Processing scale for fund 161028: 63.04亿元
Processing scale for fund 161029: 6.40亿元
Processing scale for fund 160517: 5.20亿元
Processing scale for fund 165524: 0.41亿元
Processing scale for fund 1242: 1.48亿元
Processing scale for fund 1397: 0.56亿元
Processing scale for fund 1243: 0.64亿元
Processing scale for fund 2236: 5.64亿元
Processing scale for fund 202017: 1.65亿元
Processing scale for fund 161723: 8.96亿元
Processing scale for fund 40180: 1.71亿元
Processing scale for fund 3358: 48.13亿元
Processing scale for fund 3016: 4.50亿元
Processing scale for fund 3376: 94.42亿元
Processing scale for fund 4195: 6.04亿元
Processing scale for fund 510080: 30.36亿元
Processing scale for fund 3359: 7.40亿元
Processing scale for fund 673100: 4.81亿元
Processing scale for fund 501011: 7.29亿元
Processing scale for fund 4743: 0.72亿元
Processing scale for fund 512800: 74.88亿元
Processing scale for fund 3377: 33.84亿元
Processing scale for fund 4512: 16.77亿元
Processing scale for fund 512700: 15.65亿元
Processing scale for fund 1133: 1.71亿元
Processing scale for fund 5063: 2.66亿元
Processing scale for fund 4874: 0.04亿元
Processing scale for fund 5051: 9.02亿元
Processing scale for fund 501306: 3.84亿元
Processing scale for fund 4854: 11.53亿元
Processing scale for fund 5064: 1.73亿元
Processing scale for fund 4788: 7.84亿元
Processing scale for fund 501025: 2.62亿元
Processing scale for fund 5624: 1.47亿元
Processing scale for fund 4855: 6.18亿元
Processing scale for fund 501308: 0.01亿元
Processing scale for fund 5562: 18.79亿元
Processing scale for fund 501305: 3.86亿元
Processing scale for fund 5561: 15.23亿元
Processing scale for fund 511270: 14.66亿元
Processing scale for fund 501057: 49.01亿元
Processing scale for fund 501058: 37.75亿元
Processing scale for fund 5623: 132.06亿元
Processing scale for fund 512040: 20.05亿元
Processing scale for fund 159959: 30.77亿元
Processing scale for fund 501310: 0.67亿元
Processing scale for fund 4789: 6.02亿元
Processing scale for fund 6633: 70.16亿元
Processing scale for fund 6961: 90.43亿元
Processing scale for fund 6485: 5.38亿元
Processing scale for fund 501307: 0.18亿元
Processing scale for fund 6848: 22.52亿元
Processing scale for fund 6962: 70.72亿元
Processing scale for fund 512890: 137.50亿元
Processing scale for fund 6809: 0.71亿元
Processing scale for fund 673101: 3.54亿元
Processing scale for fund 7191: 0.98亿元
Processing scale for fund 6810: 0.84亿元
Processing scale for fund 6849: 15.16亿元
Processing scale for fund 7760: 1.64亿元
Processing scale for fund 7289: 70.98亿元
Processing scale for fund 7397: 0.04亿元
Processing scale for fund 7466: 15.43亿元
Processing scale for fund 7431: 0.58亿元
Processing scale for fund 7817: 2.35亿元
Processing scale for fund 7818: 5.38亿元
Processing scale for fund 512190: 0.66亿元
Processing scale for fund 515580: 4.43亿元
Processing scale for fund 515300: 49.82亿元
Processing scale for fund 7467: 24.68亿元
Processing scale for fund 7107: 1.33亿元
Processing scale for fund 515880: 24.75亿元
Processing scale for fund 7108: 0.01亿元
Processing scale for fund 7325: 0.04亿元
Processing scale for fund 7324: 36.48亿元
Processing scale for fund 512730: 0.84亿元
Processing scale for fund 6484: 117.36亿元
Processing scale for fund 8115: 23.27亿元
Processing scale for fund 7605: 18.30亿元
Processing scale for fund 515450: 52.10亿元
Processing scale for fund 515020: 3.37亿元
Processing scale for fund 8326: 0.88亿元
Processing scale for fund 8054: 28.75亿元
Processing scale for fund 8164: 20.26亿元
Processing scale for fund 8216: 9.15亿元
Processing scale for fund 8399: 1.87亿元
Processing scale for fund 159996: 15.84亿元
Processing scale for fund 8163: 18.91亿元
Processing scale for fund 8240: 1.22亿元
Processing scale for fund 8298: 1.62亿元
Processing scale for fund 8400: 0.57亿元
Processing scale for fund 7606: 14.79亿元
Processing scale for fund 159811: 1.24亿元
Processing scale for fund 8114: 10.69亿元
Processing scale for fund 8713: 0.74亿元
Processing scale for fund 8714: 0.87亿元
Processing scale for fund 8055: 15.54亿元
Processing scale for fund 9560: 211.27亿元
Processing scale for fund 9422: 0.00亿元
Processing scale for fund 9541: 72.50亿元
Processing scale for fund 12462: 0.39亿元
Processing scale for fund 7995: 18.40亿元
Processing scale for fund 511180: 53.41亿元
Processing scale for fund 8965: 0.03亿元
Processing scale for fund 9059: 2.75亿元
Processing scale for fund 515760: 2.15亿元
Processing scale for fund 9803: 34.08亿元
Processing scale for fund 8916: 0.45亿元
Processing scale for fund 8917: 0.07亿元
Processing scale for fund 10365: 38.20亿元
Processing scale for fund 9421: 1.07亿元
Processing scale for fund 8327: 2.25亿元
Processing scale for fund 1361: 2.85亿元
Processing scale for fund 164818: 1.30亿元
Processing scale for fund 10954: 0.74亿元
Processing scale for fund 11062: 114.41亿元
Processing scale for fund 515290: 39.21亿元
Processing scale for fund 10674: 1.00亿元
Processing scale for fund 161607: 4.84亿元
Processing scale for fund 159851: 46.70亿元
Processing scale for fund 161628: 6.55亿元
Processing scale for fund 10953: 0.46亿元
Processing scale for fund 10263: 0.07亿元
Processing scale for fund 11971: 0.39亿元
Processing scale for fund 516310: 11.86亿元
Processing scale for fund 3015: 8.18亿元
Processing scale for fund 2977: 1.04亿元
Processing scale for fund 517360: 0.66亿元
Processing scale for fund 10262: 16.36亿元
Processing scale for fund 10604: 9.48亿元
Processing scale for fund 10603: 48.31亿元
Processing scale for fund 7155: 1.19亿元
Processing scale for fund 560660: 0.56亿元
Processing scale for fund 13138: 77.13亿元
Processing scale for fund 12973: 0.16亿元
Processing scale for fund 12974: 0.39亿元
Processing scale for fund 12461: 0.59亿元
Processing scale for fund 13234: 4.68亿元
Processing scale for fund 3184: 0.00亿元
Processing scale for fund 13233: 15.38亿元
Processing scale for fund 159719: 3.08亿元
Processing scale for fund 13594: 63.73亿元
Processing scale for fund 517180: 13.63亿元
Processing scale for fund 12735: 60.96亿元
Processing scale for fund 517090: 6.44亿元
Processing scale for fund 517660: 0.44亿元
Processing scale for fund 14028: 0.66亿元
Processing scale for fund 14130: 9.23亿元
Processing scale for fund 12801: 0.72亿元
Processing scale for fund 10677: 0.84亿元
Processing scale for fund 12708: 23.42亿元
Processing scale for fund 14544: 1.20亿元
Processing scale for fund 12709: 26.21亿元
Processing scale for fund 14543: 1.41亿元
Processing scale for fund 12802: 0.64亿元
Processing scale for fund 9702: 60.94亿元
Processing scale for fund 501012: 4.08亿元
Processing scale for fund 8677: 26.50亿元
Processing scale for fund 13084: 0.15亿元
Processing scale for fund 6748: 5.28亿元
Processing scale for fund 161121: 6.11亿元
Processing scale for fund 7228: 11.02亿元
Processing scale for fund 7751: 2.80亿元
Successfully imported 指数型.csv
Columns in 指数增强型.csv: ['代码', '简称', '单位净值', '累计净值', '日增长率', '近1周', '近1月', '近3月', '近6月', '近1年', '近2年', '近3年', '今年来', '成立来']
Successfully imported 指数增强型.csv
Database initialization completed
 * Serving Flask app 'app'
 * Debug mode: off
Address already in use
Port 5000 is in use by another program. Either identify and stop that program, or start the server with a different port.
